{"level":"info","message":"MongoDB database connection established successfully"}
{"level":"info","message":"MongoDB database connection established successfully"}
{"level":"info","message":"MongoDB database connection established successfully"}
{"error":{},"level":"error","message":"uncaughtException: result is not defined\nReferenceError: result is not defined\n    at C:\\Users\\harshal.d.patil\\Desktop\\node-server\\task-manager\\server.js:45:39\n    at C:\\Users\\harshal.d.patil\\Desktop\\node-server\\node_modules\\mongoose\\lib\\model.js:4462:16\n    at C:\\Users\\harshal.d.patil\\Desktop\\node-server\\node_modules\\mongoose\\lib\\query.js:4283:12\n    at process.nextTick (C:\\Users\\harshal.d.patil\\Desktop\\node-server\\node_modules\\mongoose\\lib\\query.js:2776:28)\n    at process._tickCallback (internal/process/next_tick.js:61:11)","stack":"ReferenceError: result is not defined\n    at C:\\Users\\harshal.d.patil\\Desktop\\node-server\\task-manager\\server.js:45:39\n    at C:\\Users\\harshal.d.patil\\Desktop\\node-server\\node_modules\\mongoose\\lib\\model.js:4462:16\n    at C:\\Users\\harshal.d.patil\\Desktop\\node-server\\node_modules\\mongoose\\lib\\query.js:4283:12\n    at process.nextTick (C:\\Users\\harshal.d.patil\\Desktop\\node-server\\node_modules\\mongoose\\lib\\query.js:2776:28)\n    at process._tickCallback (internal/process/next_tick.js:61:11)","exception":true,"date":"Fri Jul 26 2019 09:58:58 GMT+0530 (India Standard Time)","process":{"pid":12732,"uid":null,"gid":null,"cwd":"C:\\Users\\harshal.d.patil\\Desktop\\node-server\\task-manager","execPath":"C:\\Program Files\\nodejs\\node.exe","version":"v10.16.0","argv":["C:\\Program Files\\nodejs\\node.exe","C:\\Users\\harshal.d.patil\\Desktop\\node-server\\task-manager\\server.js"],"memoryUsage":{"rss":41926656,"heapTotal":24363008,"heapUsed":19401880,"external":18359482}},"os":{"loadavg":[0,0,0],"uptime":1380218},"trace":[{"column":39,"file":"C:\\Users\\harshal.d.patil\\Desktop\\node-server\\task-manager\\server.js","function":null,"line":45,"method":null,"native":false},{"column":16,"file":"C:\\Users\\harshal.d.patil\\Desktop\\node-server\\node_modules\\mongoose\\lib\\model.js","function":null,"line":4462,"method":null,"native":false},{"column":12,"file":"C:\\Users\\harshal.d.patil\\Desktop\\node-server\\node_modules\\mongoose\\lib\\query.js","function":null,"line":4283,"method":null,"native":false},{"column":28,"file":"C:\\Users\\harshal.d.patil\\Desktop\\node-server\\node_modules\\mongoose\\lib\\query.js","function":"process.nextTick","line":2776,"method":"nextTick","native":false},{"column":11,"file":"internal/process/next_tick.js","function":"process._tickCallback","line":61,"method":"_tickCallback","native":false}]}
{"level":"info","message":"MongoDB database connection established successfully"}
{"level":"info","message":"MongoDB database connection established successfully"}
{"result":"failure","level":"info"}
{"level":"info","message":"MongoDB database connection established successfully"}
{"result":"Success","level":"info"}
{"level":"info","message":"MongoDB database connection establishe successfully"}
{"result":"Success","level":"info"}
{"result":"Success","level":"info"}
{"result":"Success","level":"info"}
{"result":"Success","level":"info"}
{"result":"Success","level":"info"}
{"result":"failure","level":"error"}
{"result":"Success","level":"info"}
{"result":"Success","level":"info"}
{"result":"Success","level":"info"}
{"result":"Success","level":"info"}
{"level":"info","message":"MongoDB database connection established successfully"}
{"result":"failure","level":"error"}
{"result":"Success","level":"info"}
{"result":"Success","level":"info"}
{"result":"Success","level":"info"}
{"result":"Success","level":"info"}
{"result":"failure","level":"error"}
{"result":"failure","level":"error"}
{"level":"info","message":"MongoDB database connection established successfully"}
{"result":"Success","level":"info"}
{"result":"Success","level":"info"}
{"result":"Success","level":"info"}
{"result":"Success","level":"info"}
{"result":"Success","level":"info"}
{"result":"Success","level":"info"}
{"result":"Success","level":"info"}
{"result":"Success","level":"info"}
{"level":"info","message":"MongoDB database connection established successfully"}
{"result":"Success","level":"info"}
{"result":"Success","level":"info"}
{"result":"Success","level":"info"}
{"result":"Success","level":"info"}
{"result":"Success","level":"info"}
{"result":"Success","level":"info"}
{"result":"Success","level":"info"}
{"result":"Success","level":"info"}
{"result":"Success","level":"info"}
{"result":"Success","level":"info"}
{"result":"Success","level":"info"}
{"result":"Success","level":"info"}
{"result":"Success","level":"info"}
{"result":"Success","level":"info"}
{"result":"Success","level":"info"}
{"result":"Success","level":"info"}
{"result":"Success","level":"info"}
{"result":"Success","level":"info"}
{"result":"Success","level":"info"}
{"result":"Success","level":"info"}
{"result":"Success","level":"info"}
{"result":"Success","level":"info"}
{"result":"Success","level":"info"}
{"result":"Success","level":"info"}
{"result":"Success","level":"info"}
{"result":"Success","level":"info"}
{"result":"Success","level":"info"}
{"result":"Success","level":"info"}
{"result":"Success","level":"info"}
{"result":"Success","level":"info"}
{"result":"Success","level":"info"}
{"result":"Success","level":"info"}
{"result":"Success","level":"info"}
{"result":"Success","level":"info"}
{"result":"Success","level":"info"}
{"result":"Success","level":"info"}
{"result":"Success","level":"info"}
{"result":"Success","level":"info"}
{"result":"Success","level":"info"}
{"result":"Success","level":"info"}
{"result":"Success","level":"info"}
{"result":"Success","level":"info"}
{"result":"Success","level":"info"}
{"result":"Success","level":"info"}
{"level":"info","message":"MongoDB database connection established successfully"}
{"result":"Success","level":"info"}
{"result":"Success","level":"info"}
{"result":"Success","level":"info"}
{"result":"Success","level":"info"}
{"result":"failure","level":"error"}
{"result":"Success","level":"info"}
{"result":"Success","level":"info"}
{"result":"failure","level":"error"}
{"result":"failure","level":"error"}
{"result":"Success","level":"info"}
{"result":"Success","level":"info"}
{"result":"Success","level":"info"}
{"result":"Success","level":"info"}
{"result":"Success","level":"info"}
{"result":"Success","level":"info"}
{"result":"Success","level":"info"}
{"level":"info","message":"MongoDB database connection established successfully"}
{"result":"Success","level":"info"}
{"result":"Success","level":"info"}
{"result":"Success","level":"info"}
{"result":"Success","level":"info"}
{"result":"Success","level":"info"}
{"result":"Success","level":"info"}
{"result":"Success","level":"info"}
{"result":"failure","level":"error"}
{"result":"Success","level":"info"}
{"result":"Success","level":"info"}
{"level":"info","message":"MongoDB database connection established successfully"}
{"result":"Success","level":"info"}
{"result":"Success","level":"info"}
{"result":"Success","level":"info"}
{"result":"Success","level":"info"}
{"result":"Success","level":"info"}
{"result":"Success","level":"info"}
{"level":"info","message":"MongoDB database connection established successfully"}
{"level":"info","message":"MongoDB database connection established successfully"}
{"result":"Success","level":"info"}
{"result":"Success","level":"info"}
{"result":"failure","level":"error"}
{"result":"failure","level":"error"}
{"result":"Success","level":"info"}
{"result":"Success","level":"info"}
{"result":"failure","level":"error"}
{"result":"Success","level":"info"}
{"level":"info","message":"MongoDB database connection established successfully"}
{"result":"Success","level":"info"}
